11
0 5
30 4 6
1 27
11
0 5
30 4 6
1 27
13 2 2 1 48 1 10 1 2 2 1 6 3 2 10 1 1 1 4 1 3
5 4 1 3 1 5 1 1 3 112 7 1 2 4 1 1 6 8
38 3 2 1 2 7 4 1 1 1 1 8 8 2 6 1 2 4 1 2 6
2 3 1 2 1 5 1 1 2 3 1 1 2 2 1 9 3 1 6 1 3 2 4 1 3 3
4 2 9 1 2 4 2 1 1 2
4 7 28 19
0 1 2 1 1 4 1 2 1 2 1 6
25 1 5 1 3 1 5 3
15 7 9 9 2 2 8
3 7 9 9 2 2 8
54 1 5 2 2 5 1 14 1 3
1 1 1 10 6 14 9 3
8 1 7 5 1 2 11 2 3 2 21 1 29 1 1 1 3
7 1 69 1 1 1 6 1 1 2 114 1 7 1 11 2
3 1 3 6 21 1 1 12 1 1 3 3 1 4 1 1 1 6 2
18 1 9 1 14 3 1 1 4 4 2 12 1 2 2 2 3 2
1 2 2 1 22 2
1 5 3 20
0 6 2 1 2 6
10 1 8 1 3
9 2 1 15 1 2 1 1 1 2 1 14 4 1 3 1 4 5 8
5 6 1 842 1 2 1 14 1 2 3 7 1 1 2
15 5 13 1 1 1 263 29 1 2 3 1 1 2
3 2 4 1 1 3 1 1 3 6 2 1 2 13 43 4 4
6 2 163 5 3 1 1 4 1 5 1 7
6 3 1 40 5 1 4 14 6 1 1 1 2
0 1 3 1 2 3 4 2 3 1 14 2 1 4
51 1 1 1 2 2 3 3 12 1 1 3 1 1 4 2
11 1 5 10 1 8
5 1 5 10 1 8
26 1 1 32 1 2
2 1 17 3 1 1 1 2 3
10 4 1 1 6 1 1 4
8 576
10 9 3 2 4
8 4 1 2 3 6 2
9 1 2 2 3
7 1 2 2 3
8 1 2 2 3
8 1 2 2 3
4 4 2
3 1 3 2
0 1 8
18
12 1 1 11 6
7 1 7 4 4
23 1 2 9
4 2 1 1 5 1 9
8 2 18
6 6 1 1 8
8 1 1 5 1 3 1 1 1 1 4
6 3 1 1 1 5 4
12 10 1 3 1 2 4 2 2
0 10 1 3 1 2 4 2 2
36 1 1 3 1 17 2 1 3
1 64 1 2 1 1 2 1 1 2
4 2 1 1 3 1 4 7 2 1 4 3 2 1 2 1 1 1 23 2
1 1 1939 17 2 1 1 1 27 2 1 2
3 1 4 1 1 2 1 13 4 1 3 1 1 1 6 5 3 1 1 6
2 1 2 19 1 2 1 2 2 42 1 2 2 6 4 1 1 2
12 3 7 1 2 1 4 1 109
1 1 14 4 9 1 2 6 2 2
37 133 1 6 32 2
1 2 1 2 5 1 20 1 1 3 1 1 1 11
14 2 1 5 1 12 2 2 1 9 2 1 6 1 1 2 2
6 10 2 1 57 1 5 2 1 7 1 1 1 5
42 5 3 1 1 3 1 1 4 13 1 1 3 1 1 7 2
2 2 10 1 1 3 1 543 2 46
18 1 1 24 1 4 4 9 1 1 2 2 1 8
0 7 1 3 1 4 1 2 1 1 27 1 4 2 16
85 1 1 1 5 1 10 2 1 2 3 2 7 1 2 2 4
1 71 1 1 1 1 1 3 1 2 2 12 1 1 1 1 1 1 4 5
9 3 1 4 3 4 1 6 12 3 1 1 2 1 1 2
2 1 15 1 1 16 1 1 1 1 2 1 3 1 20 3
19 3 2 9 1 19 1 4 1 1 1 1 8 2 1 2
1 1 13 4 6 2 2 2 6 1 30 1 3 2
10 4 2 4
3 1 39
22 5 3
2 3 1 2 11
18 1 1 8 2 1 4 8
0 23 6 1 3 3
85 1 4 1 1 1 17 1 1 2 2 1 2
1 213 1 16 1 1 2
6 2 2 1 1 1 2 3 2 49 1 1 3
4 5 18 1 2 10 1 1 3 6
5 1 8 1 8 33 1 4
4 1 3 1 1 38 1 1 1 1 1 3 1 5
7 1 1 1 2 1 2
4 1 29
8 2 2
4 1 2 1 1 1 3
11 1 1 3 33 1 1 3 1 2 5 1 3 1 4 2 1 4
3 3 2 4 8 3 6 5 1 19 2 1 1 1 2
30 1 3 4 57 2 142 11 1 3
1 1 3 1 6 1 2 2 5 1 7 1 2 1 155 2
3 3 1 1 1 28 7
0 1 42 2 4 1 1 2
2 2 3 1 1 1 2 1 3 3
1 1 5 1 2 2 10 2 2
15 3 1 1 4 12 10 4 2 3 3
1 21 1 2 1 1 1 1 9 1 2 3 2 4
58 9 2 2 2 5 7 1 2 1 1 5 2
1 6 1 4 8 1 7 2 1 3 1 1 1 2
11 7 9 8 3 7 8 3
9 7 9 8 3 7 8 3
10 7 9 8 3 7 8 3
10 7 9 8 3 7 8 3
15 2 20 2 2 1 2
1 5 1 1 2 28
59 1 1 1 1 1 6
1 6 14 5 13
4 2 2 5 3 1 2 1 1 3 1 2 7 4
1 1 11 1 1 3 4 1 5 26 4
3 1 14 23 3 2 2 2 3 3 5
2 1 1 5 9 1 1 3 1 4 2 2 4 3
7 2 1 2 1 3 1 5 1 1 7 1 2 7 1 8
4 2 2 2 1 5 2 1 2 1 3 1 73 3
8 1 2 3 1 1 4 3 3 2 2 1 2 3 2 6
3 1 84 4 1 2 1 2 4 2 1 2 2 4
18 50 1 1 1 1 1 23
3 1 4 16 1 2 1 3 3 2
77 1 1 3 2 3 1 23 1 2 1 2
1 1 1 6 1 1 1 104 1 4
4 4 5 3 5 6 8
1 1 3 5 3 5 6 8
3 1 2 1 1 9 1 1 2 1 1 2 2 3
2 2 2 1 2 3 1 1 18 2 1 2
7 9 2 11 287 2
2 1 2 1 1 8 5 3 13 1 8
10 1 3 2 16 2 14 1 238
2 4 4 1 14 1 22 1 2 1 8
6 6 8 9 5 8 1 1 6
4 6 8 9 5 8 1 1 6
5 6 8 9 5 8 1 1 6
5 6 8 9 5 8 1 1 6
14 1 1 1 1 1 1 3 4 3 2 3 1 1 1 2 9 3 2
6 3 2 2 1 2 1 2 1 123 2 1 1 2 1 1 2
43 1 1 15 2 1 2 1 2 5 1 6 4 1 1 8
2 1 1 20 1 10 11 1 13 1 3 2 3 5
8 5 3 1 4 1 1 12 4 1 2 1 3 39
3 1 147 1 1 5 1 6 2 1 3 1 1 1 1 2 3
12 1 3 1 1 1 1 30 4 3 1 1 9 1 7 3 1 1 1 1 2
2 1 9 3 4 1 1 1 1 1 103 1 1 2 12 2
15 4 1 4 3 2 1 55 1 3 3 3 1 1 5 1 4 3
4 1 90 4 40 1 2 3 1 1 1 1 1 1 1 7 5
51 1 1 2 12 1 9 4 2 1 1 1 3 3 22 23
1 1 41 2 4 1 1 2 3 6 9 1 1 2 4 5 1 1 6
8 2 3 4 1 6
1 1 3 1 3 13
16 1 41
1 1 1 5 1 15 4
15 4 2 1 1 34 5 2
3 1 1 1 2 1 7 1 28 3
54 1 1 1 38 1 5 3 1 3 2
1 1 1 1 2 6 1 1 1 1 1 35 1 2
12 2 1 70 1 1 14 1 2 1 1 3 1 2 4 5 1 8
6 18 1 4 4 6 1 20 2 4 1 2 2 1 2 2 3
28 1 7 6 1 37 5 1 1 1 1 1 10
2 1 12 1 2 1 6 1 5 3 3 1 3 1 3 2 2 5 1 2
7 8 10 6 7 8
1 8 10 6 7 8
12 2 1 2 3 18 2 2 1 2
1 2 1 2 30 2 21 2 1 2
2 2 2 2 1 1 12 3
0 11 1 1 2 2 1 5
1 2 5 102
1 13 2 15 1 2
17 7 4 5 9 8 8 9 9
3 7 4 5 9 8 8 9 9
70 1 29 2 1 2 2 1 2 1 2 3 3 1 63
1 2 4 2 1 36 1 3 3 2 1 2 1 2 2 1 2 2 1 3
6 3 1 1 1 1 1 1 19 1 1 1 6 4 5 2
6 17 1 1 1 1 1 1 1 1 1 2 5 8 8
0 1 2 9 1 2 5 1 39 1 12
56 9 4 10 1 3 4 2 6
14 2 2
4
47 1 5 4
1 1 3 3
14 1 1 68 7 2 1 2 2 2 1 2 1 1 2 1 8
0 8 1 5 12 1 3 7 4 7 2 1 1 1 2
52 1 1 2 2 2 1 1 34 3 1 5 1 1 1 1 2 2 3
1 63 1 1 2 1 9 1 29 19 2
6 3 6 6 6 6
3 1 2 6 6 6 6
6 1 1 2 1 1 2 1 1 2 1 1 2 1 2
3 1 3 1 30 1 4 3 2
8 41 2 1 2 25 1 2 1 2 3
7 1 3 1 8 1 3 1 5 3 1 6 8
0 1 9 3 6 1 6 2 1 3 1 2
69 3 1 1 6 1 3 4 1 4 1 5
13 4 1 1 15 1 3 2 246
3 40 2 2 2 1 8 1 48
41 2 2 2 2 1 4 1 1 1 1 1 6 28
1 1 1 2 5 1 1 4 2 3 1 5 1 1 3 3 4
12 1 14 4 3 1 9 2 1 1 8 12 2
8 1 2 1 4 1 1 32 2 14 1 1 1 2 1 1 3
22 1 2 1 3 1 1 1 4 7 3 2 4 24 1 2 2
5 6 14 7 22 1 1 21 2
7 10 8 9
0 1 9 8 9
12 2 1 1 7 1 1 1 1 3
1 3 2 3 1 1 3 1 1 2
