Case 1: aaa abb
Case 2: bbbbaa aaaabab
Case 3: aabbaabbabbaaaaabbaaaaaabaaabbbbbbaababbbaababababababababba aabbaabbabbaaaaabbaaaaaabaaabbbbbbaababbbaababababababababba
Case 4: abba bbbb
Case 5: aaabaabbbb aaabbaaaba
Case 6: abaaaaaab abaaaabbb
Case 7: aababaab aabbaaba
Case 8: aabaab aabaab
Case 9: bbabababa bbabbabaa
Case 10: abbabbbaaa abbbaababa
Case 11: aaaaaabbbba aaaaababbba
Case 12: aaabaabbba aaabbaabaa
Case 13: bbabbbbaab bbbbaababa
Case 14: abbbabaa abbbabba
Case 15: ababbaabaa ababbbabaa
Case 16: bbbbaaa bbbbaab
Case 17: aabaabbbbaa aabababaaaa
Case 18: aabbbbbbbaa abaaaabaabb
Case 19: abbbaabbbb abbbbaabaa
Case 20: abbababab abbabbabb
Case 21: abaaabbbaaa abaabaabbba
Case 22: abbaab abbaab
Case 23: bbaabbbb bbbbabba
Case 24: abaaabbaa abaabaabb
Case 25: ababa ababa
Case 26: aaabaaabb aaabbbabb
Case 27: abaabaa abaabbb
Case 28: aaabaabba aaabbaabb
Case 29: aaaab aaaab
Case 30: bbaabaab bbabbaba
Case 31: ababaabbaba abababbabba
Case 32: bbaaabbbbb bbaababbbb
Case 33: a aaaab
Case 34: abaabaa ababbab
Case 35: aaabaabaa aaabababb
Case 36: aabbbb abbbaa
Case 37: aababbbaa aabbababb
Case 38: bbbbbba aaaaaaab
Case 39: abaaabbaa abaabaabb
Case 40: bbaaaaabbb bbaaabbaba
Case 41: abaabbaabaa abaabbbbbab
Case 42: aabb aabb
Case 43: aaabbabbbb aaabbbbaba
Case 44: abbbabbbbaa abbbbabbaaa
Case 45: abbabaaba abbabbabb
Case 46: aabbabbb aabbbbba
Case 47: aabbabbabb aabbbabaab
Case 48: aaab abab
Case 49: aaaabb aabbab
Case 50: aaabababbb aaababbbba
Case 51: aaabaababaa aaabababbba
Case 52: abaabbaaaba abaabbbabba
Case 53: aaabbbab aabbaaba
Case 54: abaabbbbbb ababababbb
Case 55: aaabbbaaaaaabaaaaabbbbababaabaababbaaaabbbbabbbaabaaaaaabbba aaabbbaaaaaabaaaaabbbbababaabaababbaaaabbbbabbbaabaaaabaabaa
Case 56: aabbaabbabbaaaaabbaaaaaabaaabbbbbbaababbbaabababababaabbbbba aabbaabbabbaaaaabbaaaaaabaaabbbbbbaababbbaababababababaabbaa
Case 57: ababbababaabbababaabbbbbabbabbabaabbbaabbabbaabababaaabbbba ababbababaabbababaabbbbbabbabbabaabbbaabbabbaabababaabaabbb
Case 58: aabbaabbabbaaaaabbaaaaaabaaabbbbbbaababbbaabababababaabbbbba aabbaabbabbaaaaabbaaaaaabaaabbbbbbaababbbaababababababaabbaa
Case 59: aabbaabbbabbaababbaabbbbbaaabbabbaaabababbababbaababbabbbba aabbaabbbabbaababbaabbbbbaaabbabbaaabababbababbaababbbaabbb
Case 60: aabababbbaaabaabbabaaabbbbaaabbabbbaaaababbaabaaaaaabbbbaaba aabababbbaaabaabbabaaabbbbaaabbabbbaaaababbaabaaaaaabbbbbbba
Case 61: bbaaaabbabbaaabbababaaaaabababbaaaabababbbababbaaabbabbb bbaaaabbabbaaabbababaaaaabababbaaaabababbbababbaaabbbbba
Case 62: ababababaaaaaaababbbabaabaaaaaaaaaaababaabbaaaaaaababbbbbaa ababababaaaaaaababbbabaabaaaaaaaaaaababaabbaaaaaaabbaababba
Case 63: aababaababbbaaababbbabbbbbababbababbabbbbbbaaaabbabababaaaab aababaababbbaaababbbabbbbbababbababbabbbbbbaaaabbabababbbbba
Case 64: abbabbaaaaaaabbaabbbaaabaaaaaaaabbaaaabbbbaababaaaabbabaa abbabbaaaaaaabbaabbbaaabaaaaaaaabbaaaabbbbaababaaaabbbabb
Case 65: bbabaaaaaaabaaabaabaaaaabbababbaaaaabbbbabbabbabbbabbabbbb bbabaaaaaaabaaabaabaaaaabbababbaaaaabbbbabbabbabbbbaaaaaaa
Case 66: bbaaaabbaaabbbababaabbabbbbbbabbabaabaaaabababbbbaaaaaaaa bbaaaabbaaabbbababaabbabbbbbbabbabaabaaaabababbbbaaaabaab
Case 67: bbbbbbaababaabbaabababbbbabbabaabbbbaaabbaaaabababababbbb bbbbbbaababaabbaabababbbbabbabaabbbbaaabbaaaabababababbbb
Case 68: aabaabbbabbababbbbaabababaababababbbbabbaabbbaabbabbaa aabaabbbabbababbbbaabababaababababbbbabbaabbbaabbbabba
Case 69: aabbaabbabbaaaaabbaaaaaabaaabbbbbbaababbbaababababababababab aabbaabbabbaaaaabbaaaaaabaaabbbbbbaababbbaababababababababba
Case 70: aabbaabbabbaaaaabbaaaaaabaaabbbbbbaababbbaabababababaabbbbba aabbaabbabbaaaaabbaaaaaabaaabbbbbbaababbbaababababababaabbaa
Case 71: abbaababbabbbbbaaababaaaabbaabbaaabaaaaaabbaaabaaabaabbb abbaababbabbbbbaaababaaaabbaabbaaabaaaaaabbaaabaaabababa
Case 72: aabbaabbabbaaaaabbaaaaaabaaabbbbbbaababbbaabababababaababbbb aabbaabbabbaaaaabbaaaaaabaaabbbbbbaababbbaababababababaabaaa
Case 73: bbbbaaaaaababbbbaabaabbbabbaaabbabaababbaaabbbbabaaabaabbaa bbbbaaaaaababbbbaabaabbbabbaaabbabaababbaaabbbbabaaababaabb
Case 74: aabbaabbabbaaaaabbaaaaaabaaabbbbbbaababbbaababababababaaaaab aabbaabbabbaaaaabbaaaaaabaaabbbbbbaababbbaababababababaabbba
Case 75: abaabaaaaaaaaababababbbbaababaabbaababbbabbbabbbabaabbbbbb abaabaaaaaaaaababababbbbaababaabbaababbbabbbabbbababaababa
Case 76: aaaabbbabaabaaaaabbabbbaababbbbbbaaabbbaaaaaaabaabaaabbaaabb aaaabbbabaabaaaaabbabbbaababbbbbbaaabbbaaaaaaabaabaaabbaabba
Case 77: bbabbbaabbabbaaaaaaaaabaaabbaaaababababababbababaabaabbaab bbabbbaabbabbaaaaaaaaabaaabbaaaababababababbababaababbaaba
Case 78: abbaabbaabbabaabaabaabbabbaababbabbaabbaaabbbbaaabaabbababa abbaabbaabbabaabaabaabbabbaababbabbaabbaaabbbbaaababaaaaaaa
Case 79: abaababaaabbbaaaabbaaabaaabbbaabababbbaabbabbabaababbabbab abaababaaabbbaaaabbaaabaaabbbaabababbbaabbabbabaababbbabab
Case 80: aaaaaaababaaabbbbbaabababbaababbaaabaababbbaaabaaaabaabbbbbb aaaaaaababaaabbbbbaabababbaababbaaabaababbbaaabaaaababaaabba
Case 81: aaabbbaaaabbbabbabbbbbaabaababbbababbbbaabbabbbababbaabbbb aaabbbaaaabbbabbabbbbbaabaababbbababbbbaabbabbbababbabbbaa
Case 82: bbbbbbbbaabbbababaaababbabababaaaaaaababbbbbbabaaabaabab bbbbbbbbaabbbababaaababbabababaaaaaaababbbbbbabaaabababb
Case 83: aabbbbaabbabbababbababbbaababaabababbbaaabbabbabbbbbabbbbab aabbbbaabbabbababbababbbaababaabababbbaaabbabbabbbbbbababbb
Case 84: bbaaabbbbbabbaabbaababaabbbaabaaababbabbababaabbbaaabbaaaa bbaaabbbbbabbaabbaababaabbbaabaaababbabbababaabbbaaabbaaaa
Case 85: aaabbbbabaaabaaaaaaaaabbbbabaabbaaaabbababaababbabaaabbbbbaa aaabbbbabaaabaaaaaaaaabbbbabaabbaaaabbababaababbabaabaaabaaa
Case 86: aabbbabbabaababbaaabbbbbbaaabbbabbabbbbbbabaababbbbbbababaa aabbbabbabaababbaaabbbbbbaaabbbabbabbbbbbabaababbbbbbbabbbb
Case 87: aabbaabbabbaaaaabbaaaaaabaaabbbbbbaababbbaabababababaababbbb aabbaabbabbaaaaabbaaaaaabaaabbbbbbaababbbaababababababaabbaa
Case 88: aaabbbababbbbabaaaabaabaababababaaabbbaaabbbbbabbabbaabababb aaabbbababbbbabaaaabaabaababababaaabbbaaabbbbbabbabbabaaabaa
Case 89: abaaabbbaabbabbabbbaabbababbbbbaaaababaabbababbababbaababaa abaaabbbaabbabbabbbaabbababbbbbaaaababaabbababbababbababaaa
Case 90: aaababaababababbbbabbbaabbbabbaaabbaabaaabababaaabbbabbb aaababaababababbbbabbbaabbbabbaaabbaabaaabababaabaaaabba
Case 91: abbabbababababbaabbbaaabbbaaaabaaabbbbabbabaaaaaaaaabbbbaa abbabbababababbaabbbaaabbbaaaabaaabbbbabbabaaaaaaaababaaaa
Case 92: abaaaababbbabbabababaaaaaabaabbbbabbabaabbbbbabbababbabbaaa abaaaababbbabbabababaaaaaabaabbbbabbabaabbbbbabbababbabbaab
Case 93: ababbbaaabaababbbaababbbabaaababbbbbbbbaaabbabaabbbaabbbbb ababbbaaabaababbbaababbbabaaababbbbbbbbaaabbabaabbbabaabaa
Case 94: aabbaabbabbaaaaabbaaaaaabaaabbbbbbaababbbaabababababaabbaabb aabbaabbabbaaaaabbaaaaaabaaabbbbbbaababbbaababababababaabbba
Case 95: bbabbbbbbaaaaaaaaaabbaaabababbaaaaabbbbabbaababababaabbbb bbabbbbbbaaaaaaaaaabbaaabababbaaaaabbbbabbaababababbaabbb
Case 96: aabbaabbbabbaaabbababbaaabbaabbaaaabbbaaabababbbbbabaaaaa aabbaabbbabbaaabbababbaaabbaabbaaaabbbaaabababbbbbabaaaaa
Case 97: aabaabbabbaaaabaaabbbabbabbbaaaaabaaababbaaabbbababbbbababb aabaabbabbaaaabaaabbbabbabbbaaaaabaaababbaaabbbabbaaaaaabab
Case 98: bbaababaababababababbbabbababaababababaaaaaabbaabaaaaabbaaa bbaababaababababababbbabbababaababababaaaaaabbaabaaaabababb
Case 99: bbaaaabaaaabaaabaaaabaaabaaaabbbbbaabbaabbbbabaaabbabaabaab bbaaaabaaaabaaabaaaabaaabaaaabbbbbaabbaabbbbabaaabbabaabbbb
Case 100: aabbaabbabbaaaaabbaaaaaabaaabbbbbbaababbbaababababababaaaabb aabbaabbabbaaaaabbaaaaaabaaabbbbbbaababbbaababababababababba
Case 101: aabaaabbabaabababaabbaaabaabbabbbaaaaabaabbbbabaabbaaababbaa aabaaabbabaabababaabbaaabaabbabbbaaaaabaabbbbabaabbaabaaabba
Case 102: aabaabbbbabbabbbabaabbaabaaaaaaabababbbbabaaaaaaabbbabaaaabb aabaabbbbabbabbbabaabbaabaaaaaaabababbbbabaaaaaaabbbabaabaaa
Case 103: abaabbbaabaaaababbbaabaabaabaabbbabaabbaabbabababbbabbbabaa abaabbbaabaaaababbbaabaabaabaabbbabaabbaabbabababbbbaaaaaba
Case 104: aaababaaaaaababaabbbaaaabbbabbbabababbabaabbaaaabbababbbbb aaababaaaaaababaabbbaaaabbbabbbabababbabaabbaaaabbabbaaaab
