4
33
10810
4
33
10810
1
31
3
1
496
466
13
1
5456
4991
4961
72
1
46376
41416
40951
40921
427
1
324632
283712
278752
278287
278257
2605
1
1947792
1669536
1628616
1623656
1623191
1623161
16164
1
10295472
8672312
8394056
8353136
8348176
8347711
8347681
101504
1
48903492
40555812
38932652
38654396
38613476
38608516
38608051
38608021
643175
1
211915132
173307112
164959432
163336272
163058016
163017096
163012136
163011671
163011641
4104215
1
847660528
684648888
646040868
637693188
636070028
635791772
635750852
635745892
635745427
635745397
26337855
1
3159461968
2523716572
2360704932
2322096912
2313749232
2312126072
2311847816
2311806896
2311801936
2311801471
2311801441
169799550
1
11058116888
8746315448
8110570052
7947558412
7908950392
7900602712
7898979552
7898701296
7898660376
7898655416
7898654951
7898654921
1098916050
1
36576848168
28678193248
26366391808
25730646412
25567634772
25529026752
25520679072
25519055912
25518777656
25518736736
25518731776
25518731311
25518731281
7135211994
1
114955808528
89437077248
81538422328
79226620888
78590875492
78427863852
78389255832
78380908152
78379284992
78379006736
78378965816
78378960856
78378960391
78378960361
46458065334
1
344867425584
266488465224
240969733944
233071079024
230759277584
230123532188
229960520548
229921912528
229913564848
229911941688
229911663432
229911622512
229911617552
229911617087
229911617057
303225109118
234
25272
85
199081073505
1
32622506
3472
211079
364983
11263
84956307
20
6970
812151
152774410
189279
481710188
4
391938
3
8
1154
572141
8351
121388839
160
10941
10523731
135
1
11
224
737282
47
857
160141
213
3813
86749
1558
9
17382
22559798
1
1250513
8101
15
212264679347
1
143560870
859295
250543576
653183
11392
41
9
55894102
4047852
154787
113575988
17525668
1223572
3627
558372854
5287929
1230948
19047
24
2383353
67851
29474268
21
176833
176793
48391625
53
10007903
1
550090
2022629694
426
153
4
117549336
5432
1139908887
127595
88938697
454857
16862007
46193220
1515
320542
13031701
24190267
5967025
12061557
143
14
596156
7127931
16
69867
248367960
36720694885
75
213723732910
5605
116473
17
3034181
1232
55
5827885
288148
305538
50
2289598
67780
112
120191
25111
57152
9
15
2130927
74346963
25
70606955
9472543
2182
1
111698151
850270
36682874304
476
56293660901
216152
34311
22
4107052
1
779055
14405781815
7
424
6
87
25
649729
93099
270395424
24425571
160038
317
3
18450
119052925
241466343
285946839478
4
8857
3319822908
1676592582
5
1769
2852888
24166679363
72073
2173
4707
44
619
733065
321
1211710773
50263
12077
112160
6269069
313391473
79
218
12360408
511554
3368558504
3319416285
18
2088294
48445724
1793896
1
178359
536147
82
279323
7
46818
13881
20739832061
9
395721948
396265
9708283
834946
2
26
211486527
1554787
625037
351
14
3276
36
354690
119
33624
323
249335
32
1
9343188
353267
1
150611
354166
247933328
26764920
1270
3438822
1021485
80678639158
145488
264290612
7197559125
5169
5088193992
22124230467
389946427
30516408165
27594497
26557155
12
2440
109085293694
345
5368
1
3
96
67851
8144
5254
2808
12
10420334
448
30854363
140833031370
17
70321
77533701
118277327
60293
1
13
167116
75
10528
16110519
366
27829
2865798732
5035181
10088753378
590286
168900
4774671
12211
113
193198436
3
4614
597
649
43734765965
603407
83486
3981623
47111734
3
386
30
4
214
16
18292427
1786761
3073
79
27767
21
210792
26
438666
1212460
87931057
5690189
1250507697
1280628
367
242
3
1549177
28
266
13
290
7019
256905
494998
33
1
561742967
2245934
3347283
212213
13390381
34759843
29
271783
242
580
324890
440837147
478
156046376679
765
289243
1115448
12997
176296559
36735582
76906
21960121337
6
4048
428859
481945775
2082769914
28472
9798083
190164
11
707
231
1
24702
2757001
3736060
4353084
1001817714
64
9872908
6288
60682
223648
13896
12216923
1
10167103886
8
367
312
84
29
9814
71
4795
176
15308
4
68839595
69454927
1699715335
1
42858
2713
8
17
9
3
776
131
332
14442572
9
117594
16
1
109435264
10
15307
31382
934696
299723
97524
1320
18
5355
23467807
283
286
15619274
18864
115
84
8
423
3
31
2688052516
90558
564751
972822043
33499
1
97749538
8159
215608
111656100
743269397
688331
1053456576
1
118784
438179
294221641
1879077836
43434073
108154615089
864
1256
136046
24452074
342
66
44737
36279558
10338004315
3222122
36384906
10839868558
31091819
112
1496
436978
33998165
628
2477509
3080
24309
5411242
550269
516044296
4101852
74007
1
3
4867351
715818
293889
263868407
1323
11946961
6024714
19032
362
136152783
2663
25
30
63
330866
1673
76857
131014474
1243
448
13
1
17
32492
71096910
19
5674
67
47958726
27
41540085
1272
1056
887696
178149273
7998
12
1
479253
2643591057
2
170337
3022989
67094110723
6513282
177993071
313049489
1054
2702265
24
23
113
22
13
2936
667037
4337788
415390
271
371306206
28916007
949010
16404970
43
222786
15818
178821349
31988950055
3163
24706719
6103383367
803949
181860
192087487
4748795
1064067270
5673
1
151623142
13
221
86762
24342459494
119254217
1381274
181
259552
9
142711
6
684
4943265
1660
652562
34798
9
977891
413676
119102438
10088
1
24
5
282424970235
148
60562
17049504
5199077886
31435
6277891
257111
910663
5936485
1
135016024
10111856890
47957240
1653570719
19337
52279
333056
42
26666796
61811043
1635472
84425884
16520
31156
17
978286514
503
1499
784619442
9639
118260798
90451
66
654
84
22365033997
3502
24
47370790
2
117130456
17519836285
9780
19
10126184489
25697904
197
516
919
394615981
1119
749
130873827
20
303254
2107056
14968655
232
78375779
192216
2983685
20
675720723
27217386
18793
3010214
2202506149
29058598
222017247
1
1453
13
165
10971676
312579
7156
450
221454431
15
855280499
30240412
16436200
59388997
15426571750
274
182938
93
10
14944957
5986453
1668050
24233
16289
996007
16
11
22061136177
18
60507
19108135149
12492
183725385
13
49499
44974
20320730
179475
49
338
89
6288336
5
26959859
13711567
10
4610984
7524063
128024582
18
1
50
275156
13
76528
22
53714
649028930
3593
1114
14753
696
2873
150
450969
8021
95
62347880
10248
302731191264
79
135733
937
17
832603
253
536
23
116968
825733698
16
316648221
10624173015
3667339687
9122411
175432055
267
5591
22
30
62899
5634
20581205
11
3075
3513
67
4160
1616997
176883988
38
4819
1302668
1645
81341221
1964
15881
1344567
7709197936
737467825
429194095
1
59089380
489751
1
285683
369
10716
43723
12701889108
413050801
10049
19323
31422845418
109905
441
91556
8
115680
2305683385
1088
37658683324
1454323
11
69893
4668
1224
6
64149
62
127210
1
4312555
51
82761
1
9337474
275033
15500
4370
2645984
396
138255
6189654
39498
28
2
2024673024
7938841
3325506
12786
141
22295
43629
529
58386
51
2345
108785697
42397085868
2129095136
1123570
1
2501
39320
15
100267
7
401
23037
60598
26
13376
19
16774
18
15268
1
29044
26856
11114796
29992089419
75679811
142
289
422
8
47017
643850
13
111940000
15597228674
41
58484
18316127
385429665
7
10295639
14171
2873851585
392091
80
46606650
76
1691
25
140
399457
21
266
17763658
56145186
11088155398
1492727
339
572331
95549654
500
214977
13
716239
26550833
13948
622263982
25
46461
162658510274
308315
73
157576
1463837864
397825
471
22149440638
112639
35566
3740
17
7275
3096
501850593
1522
1396601
87
532577130
281513178
591273902
1
17
105353292897
94521
31
619661486
197
33738
1218213
307912226
339
23223
486119
18938227
74
755865785
254
264876
1
27761387
4
7640404
26007
145
3
3800245530
91341626725
23
1295842
1155692
136
2055069195
17
267
576495675
209
30073
359
12122550
2
45621639569
43562714
760
5
70
62807343
1
27
20
149908
4312
96625458
19754
767
393
9
1691199475
5569
1323716
19
145
30955242
2798
4084886
1060399388
12115887
1662
413920702
20
8
31
989
3179
3
312
30212
289073950
4973250438
3078
1745319414
4818
3126303700
43
20
3914
646497
115481
63082134990
1
114840079
8648413128
325695104
1
640
5
146905646
1519541
153432
336
1
108232234
15843380
1
30
63782125
6
283
1066
159
10
414791312
5457816
5047293
19746
881663
16270012
210701393
18
33790
110989
5054649
8707239
41905939
9085
1708831877
1
194306197
1
2809
31
672
19611
6
28
2452
22
1265302
19
1492011
25
712429
18
2434257
19046316
15549946026
5
5409
4698
1057
7742547148
49135
1
674567
27888460
11232030123
5372616812
142733
6
15322
201
8
8996084337
287
8
241312
394
5255
174459
421
150
188224
31
9857687
737687860
3
13525
15
5296
1398085879
199157
227835
1440
78441751
4920
31
3519
419
3842137
9167
19237
810
554
3899
6502744
80274
2783
5598319
84855709
13
2054
155592
264739
18
8983028
58463324
7724895162
48
2827
69307966422
322
1810321500
9
44790
44589658
2143
2647
239168782
3010462753
84356222
424271
1626
1000908
1214966
2
14
5170128
22
5
83
264620037
3382987
9
11345274140
23
672
713615362
314172209
22720
41236238
51
1765807
5874
2043
1689
3047582528
21344144545
31054
57906541
6975492
738729
3590961
200288
1284
1007896403
197
1549175
215221
91505411092
30831336
11266
3547532907
160
7852753
79681799
61376
116057195
63585
2018507
61037301
14
95556
25
84629
538760
1897
79825640
9875
89
1
2773
28790886237
19591428
1468
7412
2711798109
3928284
527181527
30737
1699
182135
1181
4147207
103745870
167
1
3135434
43961
333
17
447103451
5143
64264819
11027158
48
9
4784036
27095877044
3079
72180
263
83062401
13433400
381178513
8
113601
2394194
8
41839005
8
1
45974150
30
31
71
631
16746287
3884676
907
2764
59
7968
10
397
711
1151511045
933326
6112
34467
666025
14117084533
11
2749176
1
1334095941
1
647
3
299350
6259164635
11461
3222086
31687159
3012
303151
16887918
310567
15256
160615000
107819494
128690
449
3926040
4821462
25884886
22
72
60929357
186231987
16
10251082
1773282
199651
813
8
32
7
2603710381
2441
416752
1899
1545843
29611
78182
291
70
510
196616
10435
113454535
2840323
121
248
6938
2191
54809492139
72
92006
6
294
29950037
71282
7291535814
283203
513625
108457471357
25572720
10569099323
131327057
39088
854
29812
11424
61
49674
274
2538
8137
106
314
4884601886
284
5797
342
378
76
114689379
945160
9104413345
433
2185
19032365294
13094
28
6742159
368
125009
436
260
1169
5255981970
428111260
3023894
8
475
6739
10387138
268197163
5558043
2583650
13785
378506693
1941
10004928
2152
772454428
25033908
241
4753934
8126
537336
570
18
41403
6168
2843890395
308552
286
10
11460
225171
109
74574499
878239
29
168963
211143126
15976
856055
1060411815
1479930135
38
521410
1164179
89437996
1925
26390721
2542463514
15037
1443173
543796
1664431
35894
59
58062
14401
1218
1033863
1042
25
454
1
5371593925
432104
2418
752
415
20829704787
79622
2656111
935993
225
13
2237136129
16693903539
114351
13911615322
244
46705635
12604123828
11400860944
133197622789
3857
112244
2379603
267786
20588703
4518905678
1378951158
290
4934138304
17175
14211986
26021
21443839
36158
27809860
1003608337
12109071
15432361
28836691216
255180372
7288
26478776
97121912
34146870
1
10988605901
243
367923316
5290720383
143
6997
25
32041
10318
200
419716
1
60
534017
1
94
28705
85066858
17120
3496
7861391
21
2564
325
770035063
8629689215
11573259
33
129
9815
1183390
5169
10932655
2828
234914290
1
33373
1089
30
299472299074
1077686
78999751
59831
3644
3117111
529
7041223707
91200
281701
68672115
297
27
10
9095938
20
