0.341951
5.045190
0.494565
13.955514
0.191472
69.091202
1.559367
1.932238
0.241288
0.536456
0.159935
0.337347
1.556613
0.299315
3.956980
0.546898
0.767007
0.867135
0.649006
12.248760
43.376477
0.606643
0.371509
0.901307
3.356486
0.229150
0.715047
41.736378
2.648880
2.251099
19.368316
14.341140
25.735037
0.769012
1.001890
0.232923
1.102545
8.269971
0.964117
31.966579
66.718096
1.226296
78.335086
0.148142
0.521605
28.309270
3.920916
42.438983
0.162689
12.263335
0.240493
0.363300
0.335349
1.577372
77.697791
15.898229
16.500467
31.413946
0.721129
0.895536
0.793528
1.045780
25.040627
1.093063
18.438035
22.241753
1.994196
1.693123
52.673717
0.529393
0.313603
0.587289
11.385744
0.551531
40.720229
0.557966
39.331060
34.771804
0.167946
0.385032
6.017857
50.866446
0.440345
0.489628
0.445247
51.879111
9.435431
19.493834
0.782964
1.109402
0.289729
0.194021
0.635289
40.296270
46.395898
1.882902
77.161640
26.492901
0.822160
0.792563
