Case 1: 1 0
Case 2: 993 2 (2,1)=< (6,7)=w
Case 3: 8 1 (2,5)=O
Case 4: 30 too ambiguous
Case 5: 1157 1 (10,9)=O
Case 6: 1157 1 (9,10)=O
Case 7: 12 2 (5,2)=w (5,7)=^
Case 8: 2320 2 (1,5)=O (5,2)=O
Case 9: 8 2 (6,6)=w (7,1)=w
Case 10: 7 1 (1,7)=^
Case 11: 4 1 (1,2)=w
Case 12: 1235 1 (4,2)=<
Case 13: 3081 1 (7,6)=X
Case 14: 894 1 (4,8)=<
Case 15: 1428 1 (3,6)=X
Case 16: 292 1 (1,6)=X
Case 17: 625 1 (7,7)=X
Case 18: 68 1 (1,3)=>
Case 19: 173 1 (1,2)=<
Case 20: 1126 1 (5,4)=<
Case 21: 516 1 (1,2)=^
Case 22: 2 1 (3,3)=w
Case 23: 467 1 (5,3)=^
Case 24: 7606 1 (7,7)=v
Case 25: 895 1 (3,7)=X
Case 26: 773 1 (2,7)=<
Case 27: 30 too ambiguous
Case 28: 744 too ambiguous
Case 29: 5076 too ambiguous
Case 30: 1428 too ambiguous
Case 31: 433 2 (1,1)=w (4,3)=w
Case 32: 698 2 (2,2)=w (4,6)=X
Case 33: 394 2 (1,1)=w (8,5)=<
Case 34: 2665 2 (1,1)=w (2,9)=>
Case 35: 966 2 (1,1)=w (6,7)=v
Case 36: 4822 2 (1,1)=w (8,1)=O
Case 37: 4843 2 (2,2)=X (8,8)=X
Case 38: 280 2 (2,5)=X (9,6)=<
Case 39: 58 2 (2,2)=X (5,9)=O
Case 40: 1622 2 (2,1)=< (5,9)=<
Case 41: 517 2 (1,1)=< (2,5)=^
Case 42: 706 2 (1,2)=< (8,4)=>
Case 43: 1148 2 (1,1)=< (4,8)=v
Case 44: 120 2 (1,1)=^ (9,4)=w
Case 45: 66 2 (1,1)=O (4,1)=w
Case 46: 1680 2 (1,1)=O (6,2)=<
Case 47: 176 2 (1,1)=O (4,9)=^
Case 48: 218 2 (1,1)=O (1,4)=>
Case 49: 1391 2 (1,2)=O (3,5)=v
Case 50: 616 2 (1,2)=^ (3,7)=v
Case 51: 261 2 (1,3)=^ (2,9)=O
Case 52: 7489 2 (1,2)=> (4,5)=^
Case 53: 529 2 (1,2)=> (5,2)=>
Case 54: 1338 2 (1,1)=^ (2,7)=X
Case 55: 1208 2 (2,1)=^ (7,5)=<
Case 56: 5116 2 (1,1)=^ (6,9)=^
Case 57: 88 2 (1,8)=^ (7,2)=>
Case 58: 1992 2 (1,5)=> (5,7)=O
Case 59: 11931 2 (1,1)=^ (5,3)=<
Case 60: 11500 1 (2,6)=O
Case 61: 1 0
Case 62: 1 0
Case 63: 1 0
Case 64: 1 0
Case 65: 1 0
