5
4
5
5
4
0
0
0
0
0
0
0
0
0
0
0
0
0
0
0
0
0
0
0
0
0
0
0
0
0
0
0
0
0
0
1
0
0
0
0
0
0
0
0
1
0
0
0
0
0
0
0
0
0
0
0
0
0
0
0
0
0
0
0
0
2
0
0
1
0
2
1
2
3
2
0
0
1
0
0
1
1
0
1
0
0
1
1
0
2
0
1
0
0
0
1
0
0
0
1
1
1
1
1
0
9
10
0
1
0
1
1
0
0
0
9
8
5
4
4
99
549
923
1222
1445
1593
1666
1662
1586
1433
99
543
913
1205
1416
999
5949
10822
15621
20344
24995
29569
34065
38487
42834
999
5946
10815
15603
20322
9999
59949
109823
159620
209347
258993
308566
358061
407484
456834
9999
59946
109809
159604
209321
99999
599949
1099824
1599621
2099343
2598993
3098564
3598062
4097488
4596833
99999
599947
1099815
1599608
2099310
9
9
9
9
9
99
99
99
99
99
999
999
999
999
999
9999
9999
9999
9999
9999
99999
99999
99999
99999
99999
2
1
2
2
1
4
5
6
6
6
27
32
27
31
32
73
74
61
71
67
217
194
221
188
185
706
722
733
712
709
2797
2762
2818
2770
2794
7138
7116
7278
7147
7203
25925
25895
25843
25798
25900
72279
71815
72413
71740
71792
