0.721693
1.487501
0.941896
4.944913
0.000000
0.615879
0.999789
0.707765
0.956026
0.163309
0.972082
0.783057
1.718686
5.041166
0.717836
0.000000
1.924085
0.849343
1.049818
1.666811
1.905527
2.382475
1.612502
2.988272
0.929771
0.986738
1.654605
5.677827
3.044730
0.000000
2.553077
4.248868
0.000000
1.857071
3.426942
0.000000
0.000000
0.909316
2.502728
0.542942
0.000000
3.949438
1.376416
1.804899
5.697134
1.812338
1.502155
3.908348
0.000000
0.371858
0.000000
0.787525
0.000000
0.000000
3.724835
3.573711
5.294861
0.000000
0.000000
0.794439
2.207195
0.000000
0.363486
2.412881
0.559943
1.542006
2.320907
1.069682
1.122476
0.973878
1.991743
1.181452
0.827386
0.823599
1.875266
0.000000
1.300695
0.000000
0.000000
0.098782
0.000000
2.128087
3.213798
0.000000
1.138118
3.071416
0.679656
3.203098
0.911456
0.000000
0.000000
4.522428
0.000000
1.413087
0.000000
0.407143
0.000000
0.421845
0.423499
0.000000
1.156863
0.354238
2.950356
0.000000
1.066293
1.394649
0.447635
2.632521
0.865135
0.427379
0.614805
1.408317
0.000000
1.488376
0.000000
0.683982
2.309893
3.626175
0.000000
4.902719
0.000000
1.388239
0.000000
0.477776
0.537998
2.823307
2.421441
3.415613
1.180109
0.739276
3.044320
4.445222
3.578594
0.000000
1.704778
3.732258
6.074947
2.486798
0.329367
4.399621
0.000000
3.990215
3.791649
2.483842
0.892632
0.000000
0.000000
3.007057
1.919678
1.356903
4.261474
0.000000
1.880397
0.000000
1.411637
0.831147
0.000000
2.169411
4.649831
3.012342
0.000000
0.000000
0.000000
4.888575
1.774892
0.000000
0.000000
0.000000
3.740855
0.000000
0.645788
0.000000
0.000000
0.723516
4.745865
1.032489
0.000000
0.000000
1.423702
3.010810
1.784638
1.751915
0.599233
3.721186
1.478698
0.052827
4.297063
2.911645
2.844456
2.234206
1.187491
0.000000
0.000000
0.000000
2.236330
1.960650
2.533047
0.000000
0.000000
4.536231
1.257266
0.000000
2.117222
2.742113
0.584414
2.521431
0.000000
0.000000
5.128282
0.974813
1.947679
0.805234
2.156224
4.264820
0.000000
0.623774
0.000000
2.131188
2.078176
5.802478
2.658609
0.000000
0.958484
0.425449
0.565296
0.000000
2.208336
1.996642
0.259601
1.397792
0.265433
1.473230
1.263456
2.634887
0.000000
0.000000
4.262019
2.529017
0.000000
1.588426
5.830992
1.483420
0.000000
1.691744
0.578377
0.000000
0.000000
0.613852
2.032897
0.755772
0.000000
0.910941
0.335482
1.541592
2.794756
1.705063
1.552754
0.000000
0.000000
1.310020
0.000000
0.000000
1.028297
0.716874
1.911321
4.334851
0.982974
5.046912
3.925612
1.729374
1.604534
1.634059
0.661325
5.617856
0.000000
2.165385
1.587570
0.000000
1.406751
4.896108
1.101762
0.259898
0.000000
0.000000
2.666027
1.177518
0.959894
3.007765
0.000000
1.793930
0.000000
2.212418
3.351140
4.658993
1.283405
0.000000
0.000000
0.802679
0.538006
0.188222
5.046043
1.537938
4.353528
1.773380
0.000000
3.200431
1.493098
0.000000
3.588175
0.000000
4.676182
5.657812
0.325818
0.000000
1.779772
0.948857
0.000000
0.000000
1.793610
1.204547
1.040414
0.000000
0.000000
0.533660
0.111241
0.000000
1.205232
0.459986
0.000000
3.456236
4.055670
1.561254
0.000000
0.807358
3.948254
0.000000
4.098263
1.885661
1.379363
3.886976
0.983900
1.293826
0.779163
4.645643
0.000000
0.000000
0.000000
0.929259
2.146415
5.298039
